make all --print-data-base --no-builtin-variables --no-builtin-rules --question
# GNU Make 4.3
 
# Built for x86_64-pc-linux-gnu
 
# Copyright (C) 1988-2020 Free Software Foundation, Inc.
 
# License GPLv3+: GNU GPL version 3 or later <http://gnu.org/licenses/gpl.html>
 
# This is free software: you are free to change and redistribute it.
 
# There is NO WARRANTY, to the extent permitted by law.
 

 
# Make data base, printed on Wed Aug  3 17:02:28 2022
 

# Variables
 

 
# environment
 
GDK_BACKEND = x11
 
# environment
 
LC_ALL = C
 
# environment
 
GNOME_SHELL_SESSION_MODE = pop
 
# environment
 
SSH_AGENT_LAUNCHER = gnome-keyring
 
# environment
 
GJS_DEBUG_OUTPUT = stderr
 
# environment
 
VSCODE_IPC_HOOK_EXTHOST = /run/user/1000/vscode-ipc-3e90a4fc-ec84-4359-a188-53f218f09e66.sock
 
# environment
 
MANDATORY_PATH = /usr/share/gconf/pop.mandatory.path
 
# environment
 
VSCODE_CWD = /home/i5hi
 
# environment
 
WINDOWPATH = 2
 
# default
 
MAKE_COMMAND := make
 
# environment
 
QT_ACCESSIBILITY = 1
 
# automatic
 
@D = $(patsubst %/,%,$(dir $@))
 
# environment
 
VSCODE_HANDLES_UNCAUGHT_ERRORS = true
 
# default
 
.VARIABLES := 
 
# environment
 
PWD = /home/i5hi/StackmateNetwork/stackmate-core
 
# automatic
 
%D = $(patsubst %/,%,$(dir $%))
 
# environment
 
XDG_DATA_DIRS = /usr/share/pop:/usr/share/gnome:/home/i5hi/.local/share/flatpak/exports/share:/var/lib/flatpak/exports/share:/usr/local/share/:/usr/share/
 
# automatic
 
^D = $(patsubst %/,%,$(dir $^))
 
# environment
 
VSCODE_LOG_STACK = false
 
# automatic
 
%F = $(notdir $%)
 
# environment
 
VSCODE_CODE_CACHE_PATH = /home/i5hi/.config/Code/CachedData/c3511e6c69bb39013c4a4b7b9566ec1ca73fc4d5
 
# makefile (from 'makefile', line 2)
 
PROJECTNAME = $(shell basename "$(PWD)")
 
# environment
 
LANG = C
 
# environment
 
XAUTHORITY = /run/user/1000/gdm/Xauthority
 
# default
 
.LOADED := 
 
# default
 
.INCLUDE_DIRS = /usr/local/include /usr/include /usr/include
 
# makefile (from 'makefile', line 4)
 
OS_NAME = $(shell uname | tr '[:upper:]' '[:lower:]')
 
# makefile
 
MAKEFLAGS = pqrR
 
# environment
 
ANDROID_NDK_HOME = /home/i5hi/android/ndk/21.4.7075529
 
# makefile
 
CURDIR := /home/i5hi/StackmateNetwork/stackmate-core
 
# environment
 
VSCODE_PIPE_LOGGING = true
 
# environment
 
APPLICATION_INSIGHTS_NO_DIAGNOSTIC_CHANNEL = 1
 
# environment
 
LESSOPEN = | /usr/bin/lesspipe %s
 
# automatic
 
*D = $(patsubst %/,%,$(dir $*))
 
# environment
 
MFLAGS = -pqrR
 
# environment
SSH_AUTH_SOCK = /run/user/1000/keyring/ssh
# default
.SHELLFLAGS := -c
# environment
XDG_CONFIG_DIRS = /etc/xdg/xdg-pop:/etc/xdg
# automatic
+D = $(patsubst %/,%,$(dir $+))
# environment
XDG_SESSION_DESKTOP = pop
 
# makefile (from 'makefile', line 1)
MAKEFILE_LIST := makefile
# automatic
@F = $(notdir $@)
# environment
VSCODE_VERBOSE_LOGGING = true
# environment
VSCODE_PID = 14767
# environment
XDG_SESSION_TYPE = x11
# automatic
?D = $(patsubst %/,%,$(dir $?))
# environment
SESSION_MANAGER = local/pop-os:@/tmp/.ICE-unix/3185,unix/pop-os:/tmp/.ICE-unix/3185
# automatic
*F = $(notdir $*)
# environment
CHROME_DESKTOP = code-url-handler.desktop
# environment
DBUS_SESSION_BUS_ADDRESS = unix:path=/run/user/1000/bus
# automatic
<D = $(patsubst %/,%,$(dir $<))
# environment
VSCODE_NLS_CONFIG = {"locale":"en-us","availableLanguages":{},"_languagePackSupport":true}
# default
MAKE_HOST := x86_64-pc-linux-gnu
# environment
ANDROID_HOME = /home/i5hi/android
# environment
GNOME_DESKTOP_SESSION_ID = this-is-deprecated
# makefile (from 'makefile', line 7)
SHELL := /bin/bash
# default
MAKECMDGOALS := all
# environment
XMODIFIERS = @im=ibus
# environment
GJS_DEBUG_TOPICS = JS ERROR;JS LOG
# environment
SHLVL = 0
# environment
MAKELEVEL := 0
# default
MAKE = $(MAKE_COMMAND)
# makefile (from 'makefile', line 5)
PATH := /home/i5hi/android/ndk/21.4.7075529/toolchains/llvm/prebuilt/linux-x86_64/bin:/home/i5hi/android/platform-tools/:/home/i5hi/android/cmdline-tools/tools/bin/:/home/i5hi/.cargo/bin:/usr/local/sbin:/usr/local/bin:/usr/sbin:/usr/bin:/sbin:/bin:/usr/games:/usr/local/games:/snap/bin:/home/i5hi/flutter/bin:/home/i5hi/android/ndk/21.4.7075529/toolchains/llvm/prebuilt/linux-x86_64/bin
# default
MAKEFILES := 
# automatic
^F = $(notdir $^)
# environment
INVOCATION_ID = b2f755899cec46028232c86e328c59a6
# environment
VSCODE_LOG_NATIVE = false
# environment
USERNAME = i5hi
# environment
ANDROID_SDK_HOME = /home/i5hi/android
# environment
LESSCLOSE = /usr/bin/lesspipe %s %s
# automatic
?F = $(notdir $?)
# environment
GTK_IM_MODULE = ibus
# environment
XDG_CURRENT_DESKTOP = Unity
# environment
LS_COLORS = 
# automatic
+F = $(notdir $+)
# environment
DESKTOP_SESSION = pop
# environment
ORIGINAL_XDG_CURRENT_DESKTOP = pop:GNOME
# 'override' directive
GNUMAKEFLAGS := 
# environment
 
LOGNAME = i5hi
# environment
GIO_LAUNCHED_DESKTOP_FILE = /usr/share/applications/code.desktop
# makefile (from 'makefile', line 1)
.DEFAULT_GOAL := help
# environment
SYSTEMD_EXEC_PID = 3259
# environment
DISPLAY = :1
# environment
USER = i5hi
# environment
GTK_MODULES = gail:atk-bridge:appmenu-gtk-module
# environment
DEFAULTS_PATH = /usr/share/gconf/pop.default.path
# default
MAKE_VERSION := 4.3
# 'override' directive
.SHELLSTATUS := 0
# environment
MANAGERPID = 2412
# environment
GIO_LAUNCHED_DESKTOP_FILE_PID = 14767
# environment
_ = /usr/share/code/code
# environment
XDG_RUNTIME_DIR = /run/user/1000
# environment
GPG_AGENT_INFO = /run/user/1000/gnupg/S.gpg-agent:0:1
# environment
JOURNAL_STREAM = 8:47477
# environment
XDG_SESSION_CLASS = user
# environment
VSCODE_AMD_ENTRYPOINT = vs/workbench/api/node/extensionHostProcess
# environment
HOME = /home/i5hi
# environment
QT_IM_MODULE = ibus
# environment
ELECTRON_RUN_AS_NODE = 1
# environment
VSCODE_IPC_HOOK = /run/user/1000/vscode-6d2aa317-1.67.2-main.sock
# default
.RECIPEPREFIX := 
# automatic
<F = $(notdir $<)
# default
SUFFIXES := 
# default
.FEATURES := target-specific order-only second-expansion else-if shortest-stem undefine oneshell nocomment grouped-target extra-prereqs archives jobserver output-sync check-symlink load
# makefile (from 'makefile', line 3)
SOURCES = $(sort $(wildcard ./src/*.rs ./src/**/*.rs))
# environment
XDG_MENU_PREFIX = gnome-
# environment
GDMSESSION = pop
# variable set hash-table stats:
# Load=107/1024=10%, Rehash=0, Collisions=4/155=3%

# Pattern-specific Variable Values

# No pattern-specific variable values.

# Directories

# ./src/key (device 64769, inode 16002535): 8 files, no impossibilities.
# ./src/bip392 (device 64769, inode 16002530): 4 files, no impossibilities.
# . (device 64769, inode 15991228): 22 files, no impossibilities.
# ./src/network (device 64769, inode 16002543): 6 files, no impossibilities.
# ./src/wallet (device 64769, inode 16002549): 13 files, no impossibilities.
# ./src (device 64769, inode 16002529): 9 files, no impossibilities.

# 62 files, no impossibilities in 6 directories.

# Implicit Rules

# No implicit rules.

# Files

# Not a target:
 
src/wallet/policy.rs:
#  Implicit rule search has been done.
#  Last modified 2022-08-03 14:46:42.277076715
#  File has been updated.
#  Successfully updated.

# Not a target:
src/wallet/history.rs:
#  Implicit rule search has been done.
#  Last modified 2022-08-03 14:46:27.015970934
#  File has been updated.
#  Successfully updated.

# Not a target:
src/wallet/recover.rs:
#  Implicit rule search has been done.
#  Last modified 2022-06-07 22:44:24.3936085
#  File has been updated.
#  Successfully updated.

# Not a target:
src/wallet/coldcard.rs:
#  Implicit rule search has been done.
#  Last modified 2022-08-03 14:46:15.115108629
#  File has been updated.
#  Successfully updated.

# Not a target:
src/wallet/custom.rs:
#  Implicit rule search has been done.
#  Last modified 2022-05-28 20:57:37.66125512
#  File has been updated.
#  Successfully updated.

# Not a target:
src/e.rs:
#  Implicit rule search has been done.
#  Last modified 2022-05-28 20:57:37.657255199
#  File has been updated.
#  Successfully updated.

# Not a target:
src/key/seed.rs:
#  Implicit rule search has been done.
 
#  Last modified 2022-05-28 20:57:37.657255199
#  File has been updated.
#  Successfully updated.

target/universal/release/libstackmate.a: src/bip392/mod.rs src/config.rs src/e.rs src/key/derivation.rs src/key/ec.rs src/key/encoding.rs src/key/encryption.rs src/key/mod.rs src/key/seed.rs src/lib.rs src/network/fees.rs src/network/height.rs src/network/mod.rs src/network/tor.rs src/wallet/address.rs src/wallet/coldcard.rs src/wallet/custom.rs src/wallet/history.rs src/wallet/mod.rs src/wallet/policy.rs src/wallet/proof_of_payment.rs src/wallet/psbt.rs src/wallet/recover.rs src/wallet/sync.rs src/wallet/utxo.rs ndk-home
#  Implicit rule search has not been done.
#  File does not exist.
#  File has been updated.
#  Needs to be updated (-q is set).
# variable set hash-table stats:
# Load=0/32=0%, Rehash=0, Collisions=0/4=0%
#  recipe to execute (from 'makefile', line 42):
	@if [ $$(uname) == "Darwin" ] ; then \
		cargo lipo --release ; \
		else echo "Skipping iOS compilation on $$(uname)" ; \
	fi
	@echo "[DONE] $@"

# Not a target:
src/key/encryption.rs:
#  Implicit rule search has been done.
#  Last modified 2022-06-07 22:41:50.578477219
#  File has been updated.
#  Successfully updated.

# Not a target:
src/wallet/mod.rs:
#  Implicit rule search has been done.
#  Last modified 2022-06-04 05:07:06.470301508
#  File has been updated.
#  Successfully updated.

# Not a target:
src/network/height.rs:
#  Implicit rule search has been done.
#  Last modified 2022-08-03 14:45:44.780910696
#  File has been updated.
#  Successfully updated.

# Not a target:
src/network/mod.rs:
#  Implicit rule search has been done.
#  Last modified 2022-06-04 05:10:34.063474906
#  File has been updated.
#  Successfully updated.

clean:
#  Phony target (prerequisite of .PHONY).
#  Implicit rule search has not been done.
#  File does not exist.
#  File has not been updated.
#  recipe to execute (from 'makefile', line 90):
	cargo clean
	rm -f target/bindings.h target/bindings.src.h

# Not a target:
src/bip392/mod.rs:
#  Implicit rule search has been done.
#  Last modified 2022-06-07 22:41:34.82798688
#  File has been updated.
#  Successfully updated.

# Not a target:
src/lib.rs:
#  Implicit rule search has been done.
 
#  Last modified 2022-08-03 14:47:15.151458707
#  File has been updated.
#  Successfully updated.

# Not a target:
src/key/derivation.rs:
#  Implicit rule search has been done.
#  Last modified 2022-08-03 14:42:23.930357579
#  File has been updated.
#  Successfully updated.

# Not a target:
src/key/encoding.rs:
#  Implicit rule search has been done.
#  Last modified 2022-05-28 20:57:37.657255199
#  File has been updated.
#  Successfully updated.

# Not a target:
src/network/fees.rs:
#  Implicit rule search has been done.
#  Last modified 2022-08-03 14:45:37.260365777
#  File has been updated.
#  Successfully updated.

ios: target/universal/release/libstackmate.a
#  Implicit rule search has been done.
#  File does not exist.
#  File has been updated.
#  Needs to be updated (-q is set).
# variable set hash-table stats:
# Load=0/32=0%, Rehash=0, Collisions=0/4=0%

target/i686-linux-android/release/libstackmate.so: src/bip392/mod.rs src/config.rs src/e.rs src/key/derivation.rs src/key/ec.rs src/key/encoding.rs src/key/encryption.rs src/key/mod.rs src/key/seed.rs src/lib.rs src/network/fees.rs src/network/height.rs src/network/mod.rs src/network/tor.rs src/wallet/address.rs src/wallet/coldcard.rs src/wallet/custom.rs src/wallet/history.rs src/wallet/mod.rs src/wallet/policy.rs src/wallet/proof_of_payment.rs src/wallet/psbt.rs src/wallet/recover.rs src/wallet/sync.rs src/wallet/utxo.rs ndk-home
#  Implicit rule search has not been done.
#  Modification time never checked.
#  File has not been updated.
#  recipe to execute (from 'makefile', line 60):
	cargo  build --target i686-linux-android --release 
	@echo "[DONE] $@"

# Not a target:
src/wallet/psbt.rs:
#  Implicit rule search has been done.
#  Last modified 2022-08-03 14:46:51.029710909
#  File has been updated.
#  Successfully updated.

bindings: target/bindings.h
#  Implicit rule search has not been done.
#  Modification time never checked.
#  File has not been updated.

target/x86_64-linux-android/release/libstackmate.so: src/bip392/mod.rs src/config.rs src/e.rs src/key/derivation.rs src/key/ec.rs src/key/encoding.rs src/key/encryption.rs src/key/mod.rs src/key/seed.rs src/lib.rs src/network/fees.rs src/network/height.rs src/network/mod.rs src/network/tor.rs src/wallet/address.rs src/wallet/coldcard.rs src/wallet/custom.rs src/wallet/history.rs src/wallet/mod.rs src/wallet/policy.rs src/wallet/proof_of_payment.rs src/wallet/psbt.rs src/wallet/recover.rs src/wallet/sync.rs src/wallet/utxo.rs ndk-home
#  Implicit rule search has not been done.
#  Modification time never checked.
#  File has not been updated.
#  recipe to execute (from 'makefile', line 64):
 
	cargo build --target x86_64-linux-android --release
	@echo "[DONE] $@"

# Not a target:
.DEFAULT:
#  Implicit rule search has not been done.
#  Modification time never checked.
#  File has not been updated.

android: target/aarch64-linux-android/release/libstackmate.so target/armv7-linux-androideabi/release/libstackmate.so target/i686-linux-android/release/libstackmate.so target/x86_64-linux-android/release/libstackmate.so
#  Implicit rule search has not been done.
#  Modification time never checked.
#  File has not been updated.

init:
#  Phony target (prerequisite of .PHONY).
#  Implicit rule search has not been done.
#  File does not exist.
#  File has not been updated.
#  recipe to execute (from 'makefile', line 24):
	rustup target add aarch64-apple-ios x86_64-apple-ios
	#rustup target add armv7-apple-ios armv7s-apple-ios i386-apple-ios ## deprecated
	rustup target add aarch64-linux-android armv7-linux-androideabi i686-linux-android x86_64-linux-android
	@if [ $$(uname) == "Darwin" ] ; then cargo install cargo-lipo ; fi
	cargo install cbindgen

# Not a target:
src/config.rs:
#  Implicit rule search has been done.
#  Last modified 2022-08-03 16:38:41.647477314
#  File has been updated.
#  Successfully updated.

all: ios android bindings
#  Command line target.
#  Implicit rule search has been done.
#  File does not exist.
#  File has been updated.
#  Needs to be updated (-q is set).
# variable set hash-table stats:
# Load=0/32=0%, Rehash=0, Collisions=0/4=0%

help: makefile
#  Phony target (prerequisite of .PHONY).
#  Implicit rule search has not been done.
#  File does not exist.
#  File has not been updated.
#  recipe to execute (from 'makefile', line 15):
	@echo
	@echo " Available actions in "$(PROJECTNAME)":"
	@echo
	@sed -n 's/^##//p' $< | column -t -s ':' |  sed -e 's/^/ /'
	@echo

# Not a target:
src/network/tor.rs:
#  Implicit rule search has been done.
#  Last modified 2022-06-07 22:48:36.774147822
#  File has been updated.
#  Successfully updated.

test:
#  Phony target (prerequisite of .PHONY).
#  Implicit rule search has not been done.
#  File does not exist.
#  File has not been updated.
#  recipe to execute (from 'makefile', line 96):
	cargo test

# Not a target:
makefile:
#  Implicit rule search has been done.
#  Last modified 2022-06-04 05:17:49.920481758
#  File has been updated.
#  Successfully updated.

# Not a target:
 
src/wallet/proof_of_payment.rs:
#  Implicit rule search has been done.
#  Last modified 2022-06-21 18:21:06.854543569
#  File has been updated.
#  Successfully updated.

target/aarch64-linux-android/release/libstackmate.so: src/bip392/mod.rs src/config.rs src/e.rs src/key/derivation.rs src/key/ec.rs src/key/encoding.rs src/key/encryption.rs src/key/mod.rs src/key/seed.rs src/lib.rs src/network/fees.rs src/network/height.rs src/network/mod.rs src/network/tor.rs src/wallet/address.rs src/wallet/coldcard.rs src/wallet/custom.rs src/wallet/history.rs src/wallet/mod.rs src/wallet/policy.rs src/wallet/proof_of_payment.rs src/wallet/psbt.rs src/wallet/recover.rs src/wallet/sync.rs src/wallet/utxo.rs ndk-home
#  Implicit rule search has not been done.
#  Modification time never checked.
#  File has not been updated.
#  recipe to execute (from 'makefile', line 52):
	cargo build --target aarch64-linux-android --release
	@echo "[DONE] $@"

ndk-home:
#  Phony target (prerequisite of .PHONY).
#  Implicit rule search has not been done.
#  Implicit/static pattern stem: ''
#  File does not exist.
#  File has been updated.
#  Needs to be updated (-q is set).
# automatic
# @ := ndk-home
# automatic
# * := 
# automatic
# < := 
# automatic
# + := 
# automatic
# % := 
# automatic
# ^ := 
# automatic
# ? := 
# automatic
# | := 
# variable set hash-table stats:
# Load=8/32=25%, Rehash=0, Collisions=6/12=50%
#  recipe to execute (from 'makefile', line 69):
	@if [ ! -d "${ANDROID_NDK_HOME}" ] ; then \
		echo "Error: Please, set the ANDROID_NDK_HOME env variable to point to your NDK folder" ; \
		exit 1 ; \
	fi

# Not a target:
src/wallet/sync.rs:
#  Implicit rule search has been done.
#  Last modified 2022-08-03 16:39:50.295331429
#  File has been updated.
#  Successfully updated.

# Not a target:
src/wallet/address.rs:
#  Implicit rule search has been done.
#  Last modified 2022-08-03 14:46:00.942081689
#  File has been updated.
#  Successfully updated.

# Not a target:
src/key/ec.rs:
#  Implicit rule search has been done.
#  Last modified 2022-06-07 22:39:21.202541416
#  File has been updated.
#  Successfully updated.

# Not a target:
.SUFFIXES:
#  Implicit rule search has not been done.
#  Modification time never checked.
#  File has not been updated.

# Not a target:
 
src/key/mod.rs:
#  Implicit rule search has been done.
#  Last modified 2022-05-28 20:57:37.657255199
#  File has been updated.
#  Successfully updated.

.PHONY: help init ndk-home clean test
#  Implicit rule search has not been done.
#  Modification time never checked.
#  File has not been updated.

target/armv7-linux-androideabi/release/libstackmate.so: src/bip392/mod.rs src/config.rs src/e.rs src/key/derivation.rs src/key/ec.rs src/key/encoding.rs src/key/encryption.rs src/key/mod.rs src/key/seed.rs src/lib.rs src/network/fees.rs src/network/height.rs src/network/mod.rs src/network/tor.rs src/wallet/address.rs src/wallet/coldcard.rs src/wallet/custom.rs src/wallet/history.rs src/wallet/mod.rs src/wallet/policy.rs src/wallet/proof_of_payment.rs src/wallet/psbt.rs src/wallet/recover.rs src/wallet/sync.rs src/wallet/utxo.rs ndk-home
#  Implicit rule search has not been done.
#  Modification time never checked.
#  File has not been updated.
#  recipe to execute (from 'makefile', line 56):
	cargo build --target armv7-linux-androideabi --release
	@echo "[DONE] $@"

target/bindings.h: src/bip392/mod.rs src/config.rs src/e.rs src/key/derivation.rs src/key/ec.rs src/key/encoding.rs src/key/encryption.rs src/key/mod.rs src/key/seed.rs src/lib.rs src/network/fees.rs src/network/height.rs src/network/mod.rs src/network/tor.rs src/wallet/address.rs src/wallet/coldcard.rs src/wallet/custom.rs src/wallet/history.rs src/wallet/mod.rs src/wallet/policy.rs src/wallet/proof_of_payment.rs src/wallet/psbt.rs src/wallet/recover.rs src/wallet/sync.rs src/wallet/utxo.rs
#  Implicit rule search has not been done.
#  Modification time never checked.
#  File has not been updated.
#  recipe to execute (from 'makefile', line 78):
	cbindgen $^ -c cbindgen.toml | grep -v \#include | uniq > $@
	@echo "[DONE] $@"

# Not a target:
src/wallet/utxo.rs:
#  Implicit rule search has been done.
#  Last modified 2022-08-03 14:46:59.83034858
#  File has been updated.
#  Successfully updated.

# files hash-table stats:
# Load=44/1024=4%, Rehash=0, Collisions=3/244=1%
# VPATH Search Paths

# No 'vpath' search paths.

# No general ('VPATH' variable) search path.

# strcache buffers: 1 (0) / strings = 98 / storage = 1342 B / avg = 13 B
# current buf: size = 8162 B / used = 1342 B / count = 98 / avg = 13 B

# strcache performance: lookups = 287 / hit rate = 65%
# hash-table stats:
# Load=98/8192=1%, Rehash=0, Collisions=0/287=0%
# Finished Make data base on Wed Aug  3 17:02:28 2022

 
